2021-03-04 15:12:14,945 - Mylog - DEBUG - 
select survey_id,
       s_seq,
       question,
       a1,
       a2,
       a3,
       a4,
       in_date,
       in_user_id,
       up_date,
       up_user_id
from sdetail
2021-03-04 15:12:17,887 - Mylog - DEBUG - 
select survey_id,
       s_seq,
       question,
       a1,
       a2,
       a3,
       a4,
       in_date,
       in_user_id,
       up_date,
       up_user_id
from sdetail
2021-03-04 15:12:17,887 - Mylog - DEBUG - 
select survey_id,
       s_seq,
       question,
       a1,
       a2,
       a3,
       a4,
       in_date,
       in_user_id,
       up_date,
       up_user_id
from sdetail
2021-03-04 15:12:20,960 - Mylog - DEBUG - 
select survey_id,
       s_seq,
       question,
       a1,
       a2,
       a3,
       a4,
       in_date,
       in_user_id,
       up_date,
       up_user_id
from sdetail
2021-03-04 15:12:20,960 - Mylog - DEBUG - 
select survey_id,
       s_seq,
       question,
       a1,
       a2,
       a3,
       a4,
       in_date,
       in_user_id,
       up_date,
       up_user_id
from sdetail
2021-03-04 15:12:20,960 - Mylog - DEBUG - 
select survey_id,
       s_seq,
       question,
       a1,
       a2,
       a3,
       a4,
       in_date,
       in_user_id,
       up_date,
       up_user_id
from sdetail
2021-03-04 15:12:20,960 - Mylog - DEBUG - 
select survey_id,
       s_seq,
       question,
       a1,
       a2,
       a3,
       a4,
       in_date,
       in_user_id,
       up_date,
       up_user_id
from sdetail
2021-03-04 15:12:20,960 - Mylog - DEBUG - 
select survey_id,
       s_seq,
       question,
       a1,
       a2,
       a3,
       a4,
       in_date,
       in_user_id,
       up_date,
       up_user_id
from sdetail
2021-03-04 15:22:41,048 - Mylog - DEBUG - 
select survey_id,
       title,
       content,
       interview_cnt,
       deadline,
       in_date,
       in_user_id,
       up_date,
       up_user_id
from survey
2021-03-04 15:22:41,595 - Mylog - DEBUG - 
select survey_id,
       s_seq,
       question,
       a1,
       a2,
       a3,
       a4,
       in_date,
       in_user_id,
       up_date,
       up_user_id
from sdetail
2021-03-04 15:22:42,168 - Mylog - DEBUG - 
select survey_id,
       title,
       content,
       interview_cnt,
       deadline,
       in_date,
       in_user_id,
       up_date,
       up_user_id
from survey
2021-03-04 15:22:42,507 - Mylog - DEBUG - 
select user_id,
       pwd,
       user_name,
       mobile,
       email,
       birthday,
       in_date,
       up_date,
       in_user_id,
       up_user_id
from suser
2021-03-04 15:22:42,850 - Mylog - DEBUG - 
select survey_id,
       title,
       content,
       interview_cnt,
       deadline,
       in_date,
       in_user_id,
       up_date,
       up_user_id
from survey
2021-03-04 15:22:43,187 - Mylog - DEBUG - 
select survey_id,
       s_seq,
       question,
       a1,
       a2,
       a3,
       a4,
       in_date,
       in_user_id,
       up_date,
       up_user_id
from sdetail
2021-03-04 15:22:43,591 - Mylog - DEBUG - 
select survey_id,
       title,
       content,
       interview_cnt,
       deadline,
       in_date,
       in_user_id,
       up_date,
       up_user_id
from survey
2021-03-04 15:22:43,964 - Mylog - DEBUG - 
select user_id,
       pwd,
       user_name,
       mobile,
       email,
       birthday,
       in_date,
       up_date,
       in_user_id,
       up_user_id
from suser
2021-03-04 15:29:34,189 - Mylog - DEBUG - 
select survey_id,
       title,
       content,
       interview_cnt,
       deadline,
       in_date,
       in_user_id,
       up_date,
       up_user_id
from survey
2021-03-04 15:29:39,973 - Mylog - DEBUG - 
insert into survey(survey_id, title, content, interview_cnt, deadline, in_date, in_user_id, up_date, up_user_id)
values (:1, :2, :3, :4, :5, to_char(sysdate, 'YYYYMMDD.HH24MISS'), :6, to_char(sysdate, 'YYYYMMDD.HH24MISS'), :7)
2021-03-04 15:29:39,997 - Mylog - DEBUG - 
select survey_id,
       title,
       content,
       interview_cnt,
       deadline,
       in_date,
       in_user_id,
       up_date,
       up_user_id
from survey
2021-03-04 16:15:50,876 - Mylog - DEBUG - 
select user_id,
       pwd,
       user_name,
       mobile,
       email,
       birthday,
       in_date,
       up_date,
       in_user_id,
       up_user_id
from suser
2021-03-04 16:15:51,527 - Mylog - DEBUG - 
select survey_id,
       title,
       content,
       interview_cnt,
       deadline,
       in_date,
       in_user_id,
       up_date,
       up_user_id
from survey
2021-03-04 16:15:52,689 - Mylog - DEBUG - 
select user_id,
       pwd,
       user_name,
       mobile,
       email,
       birthday,
       in_date,
       up_date,
       in_user_id,
       up_user_id
from suser
2021-03-04 16:15:53,137 - Mylog - DEBUG - 
select survey_id,
       title,
       content,
       interview_cnt,
       deadline,
       in_date,
       in_user_id,
       up_date,
       up_user_id
from survey
2021-03-04 16:15:53,638 - Mylog - DEBUG - 
select survey_id,
       s_seq,
       question,
       a1,
       a2,
       a3,
       a4,
       in_date,
       in_user_id,
       up_date,
       up_user_id
from sdetail
2021-03-04 17:04:37,340 - Mylog - DEBUG - 
select user_id,
       pwd,
       user_name,
       mobile,
       email,
       birthday,
       in_date,
       up_date,
       in_user_id,
       up_user_id
from suser
where user_id=:1
  and pwd=:2
2021-03-04 17:04:44,526 - Mylog - DEBUG - 
select user_id,
       pwd,
       user_name,
       mobile,
       email,
       birthday,
       in_date,
       up_date,
       in_user_id,
       up_user_id
from suser
where user_id=:1
  and pwd=:2
2021-03-04 17:07:14,822 - Mylog - DEBUG - 
select user_id,
       pwd,
       user_name,
       mobile,
       email,
       birthday,
       in_date,
       up_date,
       in_user_id,
       up_user_id
from suser
where user_id=:1
  and pwd=:2
2021-03-04 17:07:37,536 - Mylog - DEBUG - 
select user_id,
       pwd,
       user_name,
       mobile,
       email,
       birthday,
       in_date,
       up_date,
       in_user_id,
       up_user_id
from suser
where user_id=:1
  and pwd=:2
2021-03-04 17:07:40,197 - Mylog - DEBUG - 
select user_id,
       pwd,
       user_name,
       mobile,
       email,
       birthday,
       in_date,
       up_date,
       in_user_id,
       up_user_id
from suser
where user_id=:1
  and pwd=:2
2021-03-04 17:07:41,313 - Mylog - DEBUG - 
select user_id,
       pwd,
       user_name,
       mobile,
       email,
       birthday,
       in_date,
       up_date,
       in_user_id,
       up_user_id
from suser
where user_id=:1
  and pwd=:2
2021-03-04 17:07:41,744 - Mylog - DEBUG - 
select user_id,
       pwd,
       user_name,
       mobile,
       email,
       birthday,
       in_date,
       up_date,
       in_user_id,
       up_user_id
from suser
where user_id=:1
  and pwd=:2
2021-03-04 17:07:41,973 - Mylog - DEBUG - 
select user_id,
       pwd,
       user_name,
       mobile,
       email,
       birthday,
       in_date,
       up_date,
       in_user_id,
       up_user_id
from suser
where user_id=:1
  and pwd=:2
2021-03-04 17:07:42,147 - Mylog - DEBUG - 
select user_id,
       pwd,
       user_name,
       mobile,
       email,
       birthday,
       in_date,
       up_date,
       in_user_id,
       up_user_id
from suser
where user_id=:1
  and pwd=:2
2021-03-04 17:07:42,322 - Mylog - DEBUG - 
select user_id,
       pwd,
       user_name,
       mobile,
       email,
       birthday,
       in_date,
       up_date,
       in_user_id,
       up_user_id
from suser
where user_id=:1
  and pwd=:2
2021-03-04 17:09:48,558 - Mylog - DEBUG - 
select user_id,
       pwd,
       user_name,
       mobile,
       email,
       birthday,
       in_date,
       up_date,
       in_user_id,
       up_user_id
from suser
where user_id=:1
  and pwd=:2
2021-03-04 17:11:03,699 - Mylog - DEBUG - 
select user_id,
       pwd,
       user_name,
       mobile,
       email,
       birthday,
       in_date,
       up_date,
       in_user_id,
       up_user_id
from suser
where user_id=:1
  and pwd=:2
2021-03-04 17:11:40,484 - Mylog - DEBUG - 
select user_id,
       pwd,
       user_name,
       mobile,
       email,
       birthday,
       in_date,
       up_date,
       in_user_id,
       up_user_id
from suser
where user_id=:1
  and pwd=:2
2021-03-04 17:11:51,475 - Mylog - DEBUG - 
select user_id,
       pwd,
       user_name,
       mobile,
       email,
       birthday,
       in_date,
       up_date,
       in_user_id,
       up_user_id
from suser
where user_id=:1
  and pwd=:2
2021-03-04 17:12:39,032 - Mylog - DEBUG - 
select user_id,
       pwd,
       user_name,
       mobile,
       email,
       birthday,
       in_date,
       up_date,
       in_user_id,
       up_user_id
from suser
where user_id=:1
  and pwd=:2
2021-03-04 17:12:42,411 - Mylog - DEBUG - 
select user_id,
       pwd,
       user_name,
       mobile,
       email,
       birthday,
       in_date,
       up_date,
       in_user_id,
       up_user_id
from suser
where user_id=:1
  and pwd=:2
2021-03-04 17:12:51,046 - Mylog - DEBUG - 
select user_id,
       pwd,
       user_name,
       mobile,
       email,
       birthday,
       in_date,
       up_date,
       in_user_id,
       up_user_id
from suser
where user_id=:1
  and pwd=:2
2021-03-04 17:12:56,020 - Mylog - DEBUG - 
select user_id,
       pwd,
       user_name,
       mobile,
       email,
       birthday,
       in_date,
       up_date,
       in_user_id,
       up_user_id
from suser
where user_id=:1
  and pwd=:2
2021-03-04 17:13:51,129 - Mylog - DEBUG - 
select user_id,
       pwd,
       user_name,
       mobile,
       email,
       birthday,
       in_date,
       up_date,
       in_user_id,
       up_user_id
from suser
where user_id=:1
  and pwd=:2
2021-03-04 17:15:43,611 - Mylog - DEBUG - 
select user_id,
       pwd,
       user_name,
       mobile,
       email,
       birthday,
       in_date,
       up_date,
       in_user_id,
       up_user_id
from suser
where user_id=:1
  and pwd=:2
2021-03-04 17:16:01,334 - Mylog - DEBUG - 
select user_id,
       pwd,
       user_name,
       mobile,
       email,
       birthday,
       in_date,
       up_date,
       in_user_id,
       up_user_id
from suser
where user_id=:1
  and pwd=:2
2021-03-04 17:19:01,333 - Mylog - DEBUG - 
select user_id,
       pwd,
       user_name,
       mobile,
       email,
       birthday,
       in_date,
       up_date,
       in_user_id,
       up_user_id
from suser
where user_id=:1
  and pwd=:2
2021-03-04 17:19:43,697 - Mylog - DEBUG - 
select user_id,
       pwd,
       user_name,
       mobile,
       email,
       birthday,
       in_date,
       up_date,
       in_user_id,
       up_user_id
from suser
where user_id=:1
  and pwd=:2
2021-03-04 20:31:18,861 - Mylog - DEBUG - 
select user_id,
       pwd,
       user_name,
       mobile,
       email,
       birthday,
       in_date,
       up_date,
       in_user_id,
       up_user_id
from suser
where user_id=:1
  and pwd=:2
2021-03-04 20:43:55,185 - Mylog - DEBUG - 
select user_id,
       pwd,
       user_name,
       mobile,
       email,
       birthday,
       in_date,
       up_date,
       in_user_id,
       up_user_id
from suser
where user_id=:1
  and pwd=:2
2021-03-04 20:55:06,447 - Mylog - DEBUG - 
select user_id,
       pwd,
       user_name,
       mobile,
       email,
       birthday,
       in_date,
       up_date,
       in_user_id,
       up_user_id
from suser
2021-03-04 20:55:10,545 - Mylog - DEBUG - 
select survey_id,
       title,
       content,
       interview_cnt,
       deadline,
       in_date,
       in_user_id,
       up_date,
       up_user_id
from survey
2021-03-04 20:55:15,641 - Mylog - DEBUG - 
insert into survey(survey_id, title, content, interview_cnt, deadline, in_date, in_user_id, up_date, up_user_id)
values (:1, :2, :3, :4, :5, to_char(sysdate, 'YYYYMMDD.HH24MISS'), :6, to_char(sysdate, 'YYYYMMDD.HH24MISS'), :7)
2021-03-04 20:55:15,666 - Mylog - DEBUG - 
select survey_id,
       title,
       content,
       interview_cnt,
       deadline,
       in_date,
       in_user_id,
       up_date,
       up_user_id
from survey
2021-03-04 20:58:24,079 - Mylog - DEBUG - 
select user_id,
       pwd,
       user_name,
       mobile,
       email,
       birthday,
       in_date,
       up_date,
       in_user_id,
       up_user_id
from suser
where user_id=:1
  and pwd=:2
2021-03-04 21:11:53,304 - Mylog - DEBUG - 
select user_id,
       pwd,
       user_name,
       mobile,
       email,
       birthday,
       in_date,
       up_date,
       in_user_id,
       up_user_id
from suser
where user_id=:1
  and pwd=:2
2021-03-04 21:11:59,138 - Mylog - DEBUG - 
select user_id,
       pwd,
       user_name,
       mobile,
       email,
       birthday,
       in_date,
       up_date,
       in_user_id,
       up_user_id
from suser
2021-03-04 21:11:59,956 - Mylog - DEBUG - 
select survey_id,
       title,
       content,
       interview_cnt,
       deadline,
       in_date,
       in_user_id,
       up_date,
       up_user_id
from survey
2021-03-04 21:12:00,554 - Mylog - DEBUG - 
select survey_id,
       s_seq,
       question,
       a1,
       a2,
       a3,
       a4,
       in_date,
       in_user_id,
       up_date,
       up_user_id
from sdetail
2021-03-08 13:38:47,352 - Mylog - DEBUG - 
select user_id,
       pwd,
       user_name,
       mobile,
       email,
       birthday,
       in_date,
       up_date,
       in_user_id,
       up_user_id
from suser
where user_id=:1
  and pwd=:2
2021-03-08 13:38:57,049 - Mylog - DEBUG - 
select user_id,
       pwd,
       user_name,
       mobile,
       email,
       birthday,
       in_date,
       up_date,
       in_user_id,
       up_user_id
from suser
2021-03-08 13:38:59,305 - Mylog - DEBUG - 
select survey_id,
       title,
       content,
       interview_cnt,
       deadline,
       in_date,
       in_user_id,
       up_date,
       up_user_id
from survey
2021-03-08 13:39:00,424 - Mylog - DEBUG - 
select survey_id,
       s_seq,
       question,
       a1,
       a2,
       a3,
       a4,
       in_date,
       in_user_id,
       up_date,
       up_user_id
from sdetail
2021-03-08 13:40:31,333 - Mylog - DEBUG - 
select user_id,
       pwd,
       user_name,
       mobile,
       email,
       birthday,
       in_date,
       up_date,
       in_user_id,
       up_user_id
from suser
2021-03-08 13:40:34,992 - Mylog - DEBUG - 
select user_id,
       pwd,
       user_name,
       mobile,
       email,
       birthday,
       in_date,
       up_date,
       in_user_id,
       up_user_id
from suser
2021-03-08 13:48:17,763 - Mylog - DEBUG - 
select user_id,
       pwd,
       user_name,
       mobile,
       email,
       birthday,
       in_date,
       up_date,
       in_user_id,
       up_user_id
from suser
where user_id=:1
  and pwd=:2
2021-03-08 13:48:19,030 - Mylog - DEBUG - 
select user_id,
       pwd,
       user_name,
       mobile,
       email,
       birthday,
       in_date,
       up_date,
       in_user_id,
       up_user_id
from suser
where user_id=:1
  and pwd=:2
2021-03-08 13:49:11,019 - Mylog - DEBUG - 
select user_id,
       pwd,
       user_name,
       mobile,
       email,
       birthday,
       in_date,
       up_date,
       in_user_id,
       up_user_id
from suser
where user_id=:1
  and pwd=:2
2021-03-08 13:53:23,272 - Mylog - DEBUG - 
select user_id,
       pwd,
       user_name,
       mobile,
       email,
       birthday,
       in_date,
       up_date,
       in_user_id,
       up_user_id
from suser
where user_id=:1
  and pwd=:2
2021-03-08 14:05:27,849 - Mylog - DEBUG - 
select user_id,
       pwd,
       user_name,
       mobile,
       email,
       birthday,
       in_date,
       up_date,
       in_user_id,
       up_user_id
from suser
where user_id=:1
  and pwd=:2
2021-03-08 14:05:30,856 - Mylog - DEBUG - 
select user_id,
       pwd,
       user_name,
       mobile,
       email,
       birthday,
       in_date,
       up_date,
       in_user_id,
       up_user_id
from suser
2021-03-08 14:05:33,096 - Mylog - DEBUG - 
select survey_id,
       title,
       content,
       interview_cnt,
       deadline,
       in_date,
       in_user_id,
       up_date,
       up_user_id
from survey
2021-03-08 14:18:37,998 - Mylog - DEBUG - 
select user_id,
       pwd,
       user_name,
       mobile,
       email,
       birthday,
       in_date,
       up_date,
       in_user_id,
       up_user_id
from suser
where user_id=:1
  and pwd=:2
2021-03-08 14:18:40,960 - Mylog - DEBUG - 
select user_id,
       pwd,
       user_name,
       mobile,
       email,
       birthday,
       in_date,
       up_date,
       in_user_id,
       up_user_id
from suser
2021-03-08 14:18:41,829 - Mylog - DEBUG - 
select survey_id,
       title,
       content,
       interview_cnt,
       deadline,
       in_date,
       in_user_id,
       up_date,
       up_user_id
from survey
2021-03-08 14:18:42,315 - Mylog - DEBUG - 
select survey_id,
       s_seq,
       question,
       a1,
       a2,
       a3,
       a4,
       in_date,
       in_user_id,
       up_date,
       up_user_id
from sdetail
2021-03-08 14:23:12,725 - Mylog - DEBUG - 
select user_id,
       pwd,
       user_name,
       mobile,
       email,
       birthday,
       in_date,
       up_date,
       in_user_id,
       up_user_id
from suser
where user_id=:1
  and pwd=:2
2021-03-08 17:37:36,085 - Mylog - DEBUG - 
select user_id,
       pwd,
       user_name,
       mobile,
       email,
       birthday,
       in_date,
       up_date,
       in_user_id,
       up_user_id
from suser
where user_id=:1
  and pwd=:2
2021-03-08 17:37:38,389 - Mylog - DEBUG - 
select user_id,
       pwd,
       user_name,
       mobile,
       email,
       birthday,
       in_date,
       up_date,
       in_user_id,
       up_user_id
from suser
2021-03-08 17:37:40,855 - Mylog - DEBUG - 
select survey_id,
       title,
       content,
       interview_cnt,
       deadline,
       in_date,
       in_user_id,
       up_date,
       up_user_id
from survey
2021-03-08 17:37:41,557 - Mylog - DEBUG - 
select survey_id,
       s_seq,
       question,
       a1,
       a2,
       a3,
       a4,
       in_date,
       in_user_id,
       up_date,
       up_user_id
from sdetail
2021-03-08 17:37:48,260 - Mylog - DEBUG - 
select survey_id,
       s_seq,
       question,
       a1,
       a2,
       a3,
       a4,
       in_date,
       in_user_id,
       up_date,
       up_user_id
from sdetail
2021-03-08 17:38:27,325 - Mylog - DEBUG - 
select survey_id,
       s_seq,
       question,
       a1,
       a2,
       a3,
       a4,
       in_date,
       in_user_id,
       up_date,
       up_user_id
from sdetail
2021-03-08 17:38:28,507 - Mylog - DEBUG - 
select survey_id,
       s_seq,
       question,
       a1,
       a2,
       a3,
       a4,
       in_date,
       in_user_id,
       up_date,
       up_user_id
from sdetail
2021-03-08 17:38:29,718 - Mylog - DEBUG - 
select survey_id,
       s_seq,
       question,
       a1,
       a2,
       a3,
       a4,
       in_date,
       in_user_id,
       up_date,
       up_user_id
from sdetail
2021-03-08 17:38:30,105 - Mylog - DEBUG - 
select survey_id,
       s_seq,
       question,
       a1,
       a2,
       a3,
       a4,
       in_date,
       in_user_id,
       up_date,
       up_user_id
from sdetail
2021-03-08 17:38:30,286 - Mylog - DEBUG - 
select survey_id,
       s_seq,
       question,
       a1,
       a2,
       a3,
       a4,
       in_date,
       in_user_id,
       up_date,
       up_user_id
from sdetail
2021-03-08 17:38:30,467 - Mylog - DEBUG - 
select survey_id,
       s_seq,
       question,
       a1,
       a2,
       a3,
       a4,
       in_date,
       in_user_id,
       up_date,
       up_user_id
from sdetail
2021-03-08 17:38:30,606 - Mylog - DEBUG - 
select survey_id,
       s_seq,
       question,
       a1,
       a2,
       a3,
       a4,
       in_date,
       in_user_id,
       up_date,
       up_user_id
from sdetail
2021-03-08 17:38:30,790 - Mylog - DEBUG - 
select survey_id,
       s_seq,
       question,
       a1,
       a2,
       a3,
       a4,
       in_date,
       in_user_id,
       up_date,
       up_user_id
from sdetail
2021-03-08 17:38:30,963 - Mylog - DEBUG - 
select survey_id,
       s_seq,
       question,
       a1,
       a2,
       a3,
       a4,
       in_date,
       in_user_id,
       up_date,
       up_user_id
from sdetail
2021-03-08 17:39:33,786 - Mylog - DEBUG - 
select survey_id,
       s_seq,
       question,
       a1,
       a2,
       a3,
       a4,
       in_date,
       in_user_id,
       up_date,
       up_user_id
from sdetail
2021-03-08 17:39:44,622 - Mylog - DEBUG - 
insert into starget(survey_id, st_tel, complete_yn, in_date, in_user_id, up_date, up_user_id)
values (:1, :2, :3, to_char(sysdate, 'YYYYMMDD.HH24MISS'), :5, to_char(sysdate, 'YYYYMMDD.HH24MISS'), :7)
2021-03-08 17:39:44,648 - Mylog - DEBUG - 
select survey_id,
       s_seq,
       question,
       a1,
       a2,
       a3,
       a4,
       in_date,
       in_user_id,
       up_date,
       up_user_id
from sdetail
2021-03-08 17:39:46,616 - Mylog - DEBUG - 
select survey_id,
       s_seq,
       question,
       a1,
       a2,
       a3,
       a4,
       in_date,
       in_user_id,
       up_date,
       up_user_id
from sdetail
2021-03-08 17:39:50,866 - Mylog - DEBUG - 
select survey_id,
       s_seq,
       question,
       a1,
       a2,
       a3,
       a4,
       in_date,
       in_user_id,
       up_date,
       up_user_id
from sdetail
2021-03-08 17:39:51,721 - Mylog - DEBUG - 
select survey_id,
       title,
       content,
       interview_cnt,
       deadline,
       in_date,
       in_user_id,
       up_date,
       up_user_id
from survey
2021-03-08 17:39:52,256 - Mylog - DEBUG - 
select user_id,
       pwd,
       user_name,
       mobile,
       email,
       birthday,
       in_date,
       up_date,
       in_user_id,
       up_user_id
from suser
2021-03-08 17:39:53,379 - Mylog - DEBUG - 
select survey_id,
       s_seq,
       question,
       a1,
       a2,
       a3,
       a4,
       in_date,
       in_user_id,
       up_date,
       up_user_id
from sdetail
2021-03-08 17:39:57,179 - Mylog - DEBUG - 
select survey_id,
       title,
       content,
       interview_cnt,
       deadline,
       in_date,
       in_user_id,
       up_date,
       up_user_id
from survey
2021-03-08 17:40:01,582 - Mylog - DEBUG - 
select survey_id,
       s_seq,
       question,
       a1,
       a2,
       a3,
       a4,
       in_date,
       in_user_id,
       up_date,
       up_user_id
from sdetail
2021-03-08 17:40:07,164 - Mylog - DEBUG - 
select survey_id,
       title,
       content,
       interview_cnt,
       deadline,
       in_date,
       in_user_id,
       up_date,
       up_user_id
from survey
2021-03-08 17:40:09,651 - Mylog - DEBUG - 
select survey_id,
       s_seq,
       question,
       a1,
       a2,
       a3,
       a4,
       in_date,
       in_user_id,
       up_date,
       up_user_id
from sdetail
2021-03-08 17:40:21,626 - Mylog - DEBUG - 
select survey_id,
       title,
       content,
       interview_cnt,
       deadline,
       in_date,
       in_user_id,
       up_date,
       up_user_id
from survey
2021-03-08 17:41:19,090 - Mylog - DEBUG - 
select survey_id,
       s_seq,
       question,
       a1,
       a2,
       a3,
       a4,
       in_date,
       in_user_id,
       up_date,
       up_user_id
from sdetail
2021-03-08 17:41:32,165 - Mylog - DEBUG - 
insert into starget(survey_id, st_tel, complete_yn, in_date, in_user_id, up_date, up_user_id)
values (:1, :2, :3, to_char(sysdate, 'YYYYMMDD.HH24MISS'), :5, to_char(sysdate, 'YYYYMMDD.HH24MISS'), :7)
2021-03-08 17:41:32,189 - Mylog - DEBUG - 
select survey_id,
       s_seq,
       question,
       a1,
       a2,
       a3,
       a4,
       in_date,
       in_user_id,
       up_date,
       up_user_id
from sdetail
2021-03-08 17:43:01,777 - Mylog - DEBUG - 
select survey_id,
       s_seq,
       question,
       a1,
       a2,
       a3,
       a4,
       in_date,
       in_user_id,
       up_date,
       up_user_id
from sdetail
2021-03-08 17:43:06,007 - Mylog - DEBUG - 
insert into starget(survey_id, st_tel, complete_yn, in_date, in_user_id, up_date, up_user_id)
values (:1, :2, :3, to_char(sysdate, 'YYYYMMDD.HH24MISS'), :5, to_char(sysdate, 'YYYYMMDD.HH24MISS'), :6)
2021-03-08 17:43:06,031 - Mylog - DEBUG - 
select survey_id,
       s_seq,
       question,
       a1,
       a2,
       a3,
       a4,
       in_date,
       in_user_id,
       up_date,
       up_user_id
from sdetail
2021-03-08 17:43:07,505 - Mylog - DEBUG - 
select survey_id,
       s_seq,
       question,
       a1,
       a2,
       a3,
       a4,
       in_date,
       in_user_id,
       up_date,
       up_user_id
from sdetail
2021-03-08 17:43:28,152 - Mylog - DEBUG - 
select survey_id,
       s_seq,
       question,
       a1,
       a2,
       a3,
       a4,
       in_date,
       in_user_id,
       up_date,
       up_user_id
from sdetail
2021-03-08 17:43:31,936 - Mylog - DEBUG - 
insert into starget(survey_id, st_tel, complete_yn, in_date, in_user_id, up_date, up_user_id)
values (:1, :2, :3, to_char(sysdate, 'YYYYMMDD.HH24MISS'), :5, to_char(sysdate, 'YYYYMMDD.HH24MISS'), :6)
2021-03-08 17:43:41,470 - Mylog - DEBUG - 
select survey_id,
       s_seq,
       question,
       a1,
       a2,
       a3,
       a4,
       in_date,
       in_user_id,
       up_date,
       up_user_id
from sdetail
2021-03-08 17:43:50,896 - Mylog - DEBUG - 
select survey_id,
       s_seq,
       question,
       a1,
       a2,
       a3,
       a4,
       in_date,
       in_user_id,
       up_date,
       up_user_id
from sdetail
2021-03-08 17:43:51,268 - Mylog - DEBUG - 
select survey_id,
       s_seq,
       question,
       a1,
       a2,
       a3,
       a4,
       in_date,
       in_user_id,
       up_date,
       up_user_id
from sdetail
2021-03-08 17:44:17,916 - Mylog - DEBUG - 
select survey_id,
       s_seq,
       question,
       a1,
       a2,
       a3,
       a4,
       in_date,
       in_user_id,
       up_date,
       up_user_id
from sdetail
2021-03-08 17:44:21,951 - Mylog - DEBUG - 
select survey_id,
       s_seq,
       question,
       a1,
       a2,
       a3,
       a4,
       in_date,
       in_user_id,
       up_date,
       up_user_id
from sdetail
2021-03-08 17:45:15,663 - Mylog - DEBUG - 
select user_id,
       pwd,
       user_name,
       mobile,
       email,
       birthday,
       in_date,
       up_date,
       in_user_id,
       up_user_id
from suser
where user_id=:1
  and pwd=:2
2021-03-08 17:45:18,578 - Mylog - DEBUG - 
select survey_id,
       s_seq,
       question,
       a1,
       a2,
       a3,
       a4,
       in_date,
       in_user_id,
       up_date,
       up_user_id
from sdetail
2021-03-08 17:47:01,365 - Mylog - DEBUG - 
select survey_id,
       st_tel,
       complete_yn,
       in_date,
       in_user_id,
       up_date,
       up_user_id
from starget
2021-03-08 17:47:06,372 - Mylog - DEBUG - 
insert into starget(survey_id, st_tel, complete_yn, in_date, in_user_id, up_date, up_user_id)
values (:1, :2, :3, to_char(sysdate, 'YYYYMMDD.HH24MISS'), :5, to_char(sysdate, 'YYYYMMDD.HH24MISS'), :6)
2021-03-08 17:47:06,396 - Mylog - DEBUG - 
select survey_id,
       st_tel,
       complete_yn,
       in_date,
       in_user_id,
       up_date,
       up_user_id
from starget
2021-03-08 17:49:55,865 - Mylog - DEBUG - 
select survey_id,
       st_tel,
       complete_yn,
       in_date,
       in_user_id,
       up_date,
       up_user_id
from starget
2021-03-08 17:50:01,922 - Mylog - DEBUG - 
insert into starget(survey_id, st_tel, complete_yn, in_date, in_user_id, up_date, up_user_id)
values (:1, :2, :3, to_char(sysdate, 'YYYYMMDD.HH24MISS'), :5, to_char(sysdate, 'YYYYMMDD.HH24MISS'), :6)
2021-03-08 17:50:01,956 - Mylog - DEBUG - 
select survey_id,
       st_tel,
       complete_yn,
       in_date,
       in_user_id,
       up_date,
       up_user_id
from starget
2021-03-08 17:50:05,543 - Mylog - DEBUG - 
delete
from starget
where survey_id=:1
  or st_tel=:2
2021-03-08 17:56:26,645 - Mylog - DEBUG - 
select survey_id,
       st_tel,
       complete_yn,
       in_date,
       in_user_id,
       up_date,
       up_user_id
from starget
2021-03-08 17:56:36,706 - Mylog - DEBUG - 
insert into starget(survey_id, st_tel, complete_yn, in_date, in_user_id, up_date, up_user_id)
values (:1, :2, :3, to_char(sysdate, 'YYYYMMDD.HH24MISS'), :5, to_char(sysdate, 'YYYYMMDD.HH24MISS'), :6)
2021-03-08 17:56:39,066 - Mylog - DEBUG - 
select survey_id,
       st_tel,
       complete_yn,
       in_date,
       in_user_id,
       up_date,
       up_user_id
from starget
2021-03-08 17:59:24,273 - Mylog - DEBUG - 
select survey_id,
       st_tel,
       complete_yn,
       in_date,
       in_user_id,
       up_date,
       up_user_id
from starget
2021-03-08 17:59:34,043 - Mylog - DEBUG - 
insert into starget(survey_id, st_tel, complete_yn, in_date, in_user_id, up_date, up_user_id)
values (:1, :2, :3, to_char(sysdate, 'YYYYMMDD.HH24MISS'), :5, to_char(sysdate, 'YYYYMMDD.HH24MISS'), :6)
2021-03-08 17:59:34,077 - Mylog - DEBUG - 
select survey_id,
       st_tel,
       complete_yn,
       in_date,
       in_user_id,
       up_date,
       up_user_id
from starget
2021-03-08 17:59:38,841 - Mylog - DEBUG - 
delete
from starget
where survey_id=:1
  or st_tel=:2
2021-03-08 18:00:02,092 - Mylog - DEBUG - 
insert into starget(survey_id, st_tel, complete_yn, in_date, in_user_id, up_date, up_user_id)
values (:1, :2, :3, to_char(sysdate, 'YYYYMMDD.HH24MISS'), :5, to_char(sysdate, 'YYYYMMDD.HH24MISS'), :6)
2021-03-08 18:00:07,174 - Mylog - DEBUG - 
insert into starget(survey_id, st_tel, complete_yn, in_date, in_user_id, up_date, up_user_id)
values (:1, :2, :3, to_char(sysdate, 'YYYYMMDD.HH24MISS'), :5, to_char(sysdate, 'YYYYMMDD.HH24MISS'), :6)
2021-03-08 18:00:11,625 - Mylog - DEBUG - 
insert into starget(survey_id, st_tel, complete_yn, in_date, in_user_id, up_date, up_user_id)
values (:1, :2, :3, to_char(sysdate, 'YYYYMMDD.HH24MISS'), :5, to_char(sysdate, 'YYYYMMDD.HH24MISS'), :6)
2021-03-08 18:00:19,793 - Mylog - DEBUG - 
insert into starget(survey_id, st_tel, complete_yn, in_date, in_user_id, up_date, up_user_id)
values (:1, :2, :3, to_char(sysdate, 'YYYYMMDD.HH24MISS'), :5, to_char(sysdate, 'YYYYMMDD.HH24MISS'), :6)
2021-03-08 18:00:21,145 - Mylog - DEBUG - 
select survey_id,
       st_tel,
       complete_yn,
       in_date,
       in_user_id,
       up_date,
       up_user_id
from starget
2021-03-08 18:00:26,572 - Mylog - DEBUG - 
insert into starget(survey_id, st_tel, complete_yn, in_date, in_user_id, up_date, up_user_id)
values (:1, :2, :3, to_char(sysdate, 'YYYYMMDD.HH24MISS'), :5, to_char(sysdate, 'YYYYMMDD.HH24MISS'), :6)
2021-03-08 18:00:38,220 - Mylog - DEBUG - 
select survey_id,
       st_tel,
       complete_yn,
       in_date,
       in_user_id,
       up_date,
       up_user_id
from starget
2021-03-08 18:02:28,805 - Mylog - DEBUG - 
select survey_id,
       st_tel,
       complete_yn,
       in_date,
       in_user_id,
       up_date,
       up_user_id
from starget
2021-03-08 18:02:31,861 - Mylog - DEBUG - 
select survey_id,
       st_tel,
       complete_yn,
       in_date,
       in_user_id,
       up_date,
       up_user_id
from starget
2021-03-08 18:02:39,823 - Mylog - DEBUG - 
insert into starget(survey_id, st_tel, complete_yn, in_date, in_user_id, up_date, up_user_id)
values (:1, :2, :3, to_char(sysdate, 'YYYYMMDD.HH24MISS'), :5, to_char(sysdate, 'YYYYMMDD.HH24MISS'), :6)
2021-03-08 18:02:43,499 - Mylog - DEBUG - 
delete
from starget
where survey_id=:1
  or st_tel=:2
2021-03-08 18:04:11,732 - Mylog - DEBUG - 
select survey_id,
       st_tel,
       complete_yn,
       in_date,
       in_user_id,
       up_date,
       up_user_id
from starget
2021-03-08 18:04:16,659 - Mylog - DEBUG - 
update starget
set st_tel=:1,
    complete_yn=:2,
    up_date=to_char(sysdate, 'YYYYMMDD.HH24MISS'),
    up_user_id=:3
where survey_id=:4
2021-03-08 18:04:16,692 - Mylog - DEBUG - 
select survey_id,
       st_tel,
       complete_yn,
       in_date,
       in_user_id,
       up_date,
       up_user_id
from starget
2021-03-08 18:04:20,817 - Mylog - DEBUG - 
delete
from starget
where survey_id=:1
  or st_tel=:2
2021-03-08 18:04:34,005 - Mylog - DEBUG - 
delete
from starget
where survey_id=:1
  or st_tel=:2
2021-03-08 18:07:46,378 - Mylog - DEBUG - 
select survey_id,
       st_tel,
       complete_yn,
       in_date,
       in_user_id,
       up_date,
       up_user_id
from starget
2021-03-08 18:07:49,500 - Mylog - DEBUG - 
delete
from starget
where survey_id=:1
  or st_tel=:2
2021-03-08 18:07:51,120 - Mylog - DEBUG - 
select survey_id,
       st_tel,
       complete_yn,
       in_date,
       in_user_id,
       up_date,
       up_user_id
from starget
2021-03-09 13:00:42,069 - Mylog - DEBUG - 
select user_id,
       pwd,
       user_name,
       mobile,
       email,
       birthday,
       in_date,
       up_date,
       in_user_id,
       up_user_id
from suser
where user_id=:1
  and pwd=:2
2021-03-09 13:00:42,134 - Mylog - DEBUG - 
select user_id,
       pwd,
       user_name,
       mobile,
       email,
       birthday,
       in_date,
       up_date,
       in_user_id,
       up_user_id
from suser
where user_id=:1
  and pwd=:2
2021-03-09 13:00:42,965 - Mylog - DEBUG - 
select user_id,
       pwd,
       user_name,
       mobile,
       email,
       birthday,
       in_date,
       up_date,
       in_user_id,
       up_user_id
from suser
where user_id=:1
  and pwd=:2
2021-03-09 13:00:43,509 - Mylog - DEBUG - 
select user_id,
       pwd,
       user_name,
       mobile,
       email,
       birthday,
       in_date,
       up_date,
       in_user_id,
       up_user_id
from suser
where user_id=:1
  and pwd=:2
2021-03-09 13:00:43,681 - Mylog - DEBUG - 
select user_id,
       pwd,
       user_name,
       mobile,
       email,
       birthday,
       in_date,
       up_date,
       in_user_id,
       up_user_id
from suser
where user_id=:1
  and pwd=:2
2021-03-09 13:00:43,862 - Mylog - DEBUG - 
select user_id,
       pwd,
       user_name,
       mobile,
       email,
       birthday,
       in_date,
       up_date,
       in_user_id,
       up_user_id
from suser
where user_id=:1
  and pwd=:2
2021-03-09 13:00:44,044 - Mylog - DEBUG - 
select user_id,
       pwd,
       user_name,
       mobile,
       email,
       birthday,
       in_date,
       up_date,
       in_user_id,
       up_user_id
from suser
where user_id=:1
  and pwd=:2
2021-03-09 13:00:45,765 - Mylog - DEBUG - 
select user_id,
       pwd,
       user_name,
       mobile,
       email,
       birthday,
       in_date,
       up_date,
       in_user_id,
       up_user_id
from suser
where user_id=:1
  and pwd=:2
2021-03-09 13:00:45,949 - Mylog - DEBUG - 
select user_id,
       pwd,
       user_name,
       mobile,
       email,
       birthday,
       in_date,
       up_date,
       in_user_id,
       up_user_id
from suser
where user_id=:1
  and pwd=:2
2021-03-09 13:00:46,144 - Mylog - DEBUG - 
select user_id,
       pwd,
       user_name,
       mobile,
       email,
       birthday,
       in_date,
       up_date,
       in_user_id,
       up_user_id
from suser
where user_id=:1
  and pwd=:2
2021-03-09 13:00:46,476 - Mylog - DEBUG - 
select user_id,
       pwd,
       user_name,
       mobile,
       email,
       birthday,
       in_date,
       up_date,
       in_user_id,
       up_user_id
from suser
where user_id=:1
  and pwd=:2
2021-03-09 13:00:47,012 - Mylog - DEBUG - 
select user_id,
       pwd,
       user_name,
       mobile,
       email,
       birthday,
       in_date,
       up_date,
       in_user_id,
       up_user_id
from suser
where user_id=:1
  and pwd=:2
2021-03-09 13:00:47,549 - Mylog - DEBUG - 
select user_id,
       pwd,
       user_name,
       mobile,
       email,
       birthday,
       in_date,
       up_date,
       in_user_id,
       up_user_id
from suser
where user_id=:1
  and pwd=:2
2021-03-09 13:00:47,732 - Mylog - DEBUG - 
select user_id,
       pwd,
       user_name,
       mobile,
       email,
       birthday,
       in_date,
       up_date,
       in_user_id,
       up_user_id
from suser
where user_id=:1
  and pwd=:2
2021-03-09 13:02:06,451 - Mylog - DEBUG - 
select user_id,
       pwd,
       user_name,
       mobile,
       email,
       birthday,
       in_date,
       up_date,
       in_user_id,
       up_user_id
from suser
where user_id=:1
  and pwd=:2
2021-03-09 13:03:44,510 - Mylog - DEBUG - 
select user_id,
       pwd,
       user_name,
       mobile,
       email,
       birth,
       in_date,
       up_date,
       in_user_id,
       up_user_id
from suser
where user_id=:1
  and pwd=:2
2021-03-09 13:03:49,405 - Mylog - DEBUG - 
select survey_id,
       s_seq,
       question,
       a1,
       a2,
       a3,
       a4,
       in_date,
       in_user_id,
       up_date,
       up_user_id
from sdetail
2021-03-09 13:03:55,925 - Mylog - DEBUG - 
select survey_id,
       st_tel,
       complete_yn,
       in_date,
       in_user_id,
       up_date,
       up_user_id
from starget
2021-03-09 13:10:27,460 - Mylog - DEBUG - 
select survey_id,
       st_tel,
       complete_yn,
       in_date,
       in_user_id,
       up_date,
       up_user_id
from starget
2021-03-09 13:10:34,034 - Mylog - DEBUG - 
insert into starget(survey_id, st_tel, complete_yn, in_date, in_user_id, up_date, up_user_id)
values (:1, :2, :3, to_char(sysdate, 'YYYYMMDD.HH24MISS'), :5, to_char(sysdate, 'YYYYMMDD.HH24MISS'), :6)
2021-03-09 13:10:34,126 - Mylog - DEBUG - 
select survey_id,
       st_tel,
       complete_yn,
       in_date,
       in_user_id,
       up_date,
       up_user_id
from starget
2021-03-09 13:10:44,191 - Mylog - DEBUG - 
select survey_id,
       title,
       content,
       interview_cnt,
       deadline,
       in_date,
       in_user_id,
       up_date,
       up_user_id
from survey
2021-03-09 13:10:45,137 - Mylog - DEBUG - 
select user_id,
       pwd,
       user_name,
       mobile,
       email,
       birth,
       in_date,
       up_date,
       in_user_id,
       up_user_id
from suser
2021-03-09 13:41:23,757 - Mylog - DEBUG - 
select user_id,
       pwd,
       user_name,
       mobile,
       email,
       birth,
       in_date,
       up_date,
       in_user_id,
       up_user_id
from suser
where user_id=:1
  and pwd=:2
2021-03-09 13:45:06,399 - Mylog - DEBUG - 
select user_id,
       pwd,
       user_name,
       mobile,
       email,
       birth,
       in_date,
       up_date,
       in_user_id,
       up_user_id
from suser
where user_id=:1
  and pwd=:2
2021-03-09 13:46:08,584 - Mylog - DEBUG - 
select user_id,
       pwd,
       user_name,
       mobile,
       email,
       birth,
       in_date,
       up_date,
       in_user_id,
       up_user_id
from suser
where user_id=:1
  and pwd=:2
2021-03-09 13:48:13,292 - Mylog - DEBUG - 
select user_id,
       pwd,
       user_name,
       mobile,
       email,
       birth,
       in_date,
       up_date,
       in_user_id,
       up_user_id
from suser
where user_id=:1
  and pwd=:2
2021-03-09 13:48:26,855 - Mylog - DEBUG - 
select user_id,
       pwd,
       user_name,
       mobile,
       email,
       birth,
       in_date,
       up_date,
       in_user_id,
       up_user_id
from suser
where user_id=:1
  and pwd=:2
2021-03-09 13:48:27,800 - Mylog - DEBUG - 
select user_id,
       pwd,
       user_name,
       mobile,
       email,
       birth,
       in_date,
       up_date,
       in_user_id,
       up_user_id
from suser
2021-03-09 13:48:29,676 - Mylog - DEBUG - 
select survey_id,
       st_tel,
       complete_yn,
       in_date,
       in_user_id,
       up_date,
       up_user_id
from starget
2021-03-09 13:58:34,399 - Mylog - DEBUG - 
select user_id,
       pwd,
       user_name,
       mobile,
       email,
       birth,
       in_date,
       up_date,
       in_user_id,
       up_user_id
from suser
where user_id=:1
  and pwd=:2
2021-03-09 13:59:17,317 - Mylog - DEBUG - 
select user_id,
       pwd,
       user_name,
       mobile,
       email,
       birth,
       in_date,
       up_date,
       in_user_id,
       up_user_id
from suser
where user_id=:1
  and pwd=:2
2021-03-09 13:59:26,678 - Mylog - DEBUG - 
select user_id,
       pwd,
       user_name,
       mobile,
       email,
       birth,
       in_date,
       up_date,
       in_user_id,
       up_user_id
from suser
2021-03-09 13:59:31,855 - Mylog - DEBUG - 
select survey_id,
       title,
       content,
       interview_cnt,
       deadline,
       in_date,
       in_user_id,
       up_date,
       up_user_id
from survey
2021-03-09 13:59:33,341 - Mylog - DEBUG - 
select survey_id,
       s_seq,
       question,
       a1,
       a2,
       a3,
       a4,
       in_date,
       in_user_id,
       up_date,
       up_user_id
from sdetail
2021-03-09 13:59:34,962 - Mylog - DEBUG - 
select survey_id,
       st_tel,
       complete_yn,
       in_date,
       in_user_id,
       up_date,
       up_user_id
from starget
2021-03-09 13:59:39,622 - Mylog - DEBUG - 
select user_id,
       pwd,
       user_name,
       mobile,
       email,
       birth,
       in_date,
       up_date,
       in_user_id,
       up_user_id
from suser
2021-03-09 14:03:42,571 - Mylog - DEBUG - 
select user_id,
       pwd,
       user_name,
       mobile,
       email,
       birth,
       in_date,
       up_date,
       in_user_id,
       up_user_id
from suser
2021-03-09 14:07:47,432 - Mylog - DEBUG - 
select user_id,
       pwd,
       user_name,
       mobile,
       email,
       birth,
       in_date,
       up_date,
       in_user_id,
       up_user_id
from suser
2021-03-09 14:08:15,608 - Mylog - DEBUG - 
select user_id,
       pwd,
       user_name,
       mobile,
       email,
       birth,
       in_date,
       up_date,
       in_user_id,
       up_user_id
from suser
where user_id=:1
  and pwd=:2
2021-03-09 14:08:21,023 - Mylog - DEBUG - 
select user_id,
       pwd,
       user_name,
       mobile,
       email,
       birth,
       in_date,
       up_date,
       in_user_id,
       up_user_id
from suser
2021-03-09 14:08:55,114 - Mylog - DEBUG - 
insert into suser (user_id, pwd, user_name, mobile, email, birth, in_date, up_date, in_user_id, up_user_id)
values (:1, :2, :3, :4, :5, :6, to_char(sysdate, 'YYYYMMDD.HH24MISS'), :7, to_char(sysdate, 'YYYYMMDD.HH24MISS'), :8)
2021-03-09 14:08:55,190 - Mylog - DEBUG - 
select user_id,
       pwd,
       user_name,
       mobile,
       email,
       birth,
       in_date,
       up_date,
       in_user_id,
       up_user_id
from suser
2021-03-09 14:10:53,280 - Mylog - DEBUG - 
select user_id,
       pwd,
       user_name,
       mobile,
       email,
       birth,
       in_date,
       up_date,
       in_user_id,
       up_user_id
from suser
2021-03-09 14:10:54,311 - Mylog - DEBUG - 
select user_id,
       pwd,
       user_name,
       mobile,
       email,
       birth,
       in_date,
       up_date,
       in_user_id,
       up_user_id
from suser
2021-03-09 14:10:54,601 - Mylog - DEBUG - 
select user_id,
       pwd,
       user_name,
       mobile,
       email,
       birth,
       in_date,
       up_date,
       in_user_id,
       up_user_id
from suser
2021-03-09 14:10:54,845 - Mylog - DEBUG - 
select user_id,
       pwd,
       user_name,
       mobile,
       email,
       birth,
       in_date,
       up_date,
       in_user_id,
       up_user_id
from suser
2021-03-09 14:10:56,287 - Mylog - DEBUG - 
select user_id,
       pwd,
       user_name,
       mobile,
       email,
       birth,
       in_date,
       up_date,
       in_user_id,
       up_user_id
from suser
2021-03-09 14:11:18,054 - Mylog - DEBUG - 
select user_id,
       pwd,
       user_name,
       mobile,
       email,
       birth,
       in_date,
       up_date,
       in_user_id,
       up_user_id
from suser
2021-03-09 14:11:22,893 - Mylog - DEBUG - 
select user_id,
       pwd,
       user_name,
       mobile,
       email,
       birth,
       in_date,
       up_date,
       in_user_id,
       up_user_id
from suser
2021-03-09 14:11:56,322 - Mylog - DEBUG - 
select user_id,
       pwd,
       user_name,
       mobile,
       email,
       birth,
       in_date,
       up_date,
       in_user_id,
       up_user_id
from suser
order by 1
2021-03-09 14:13:05,311 - Mylog - DEBUG - 
select user_id,
       pwd,
       user_name,
       mobile,
       email,
       birth,
       in_date,
       up_date,
       in_user_id,
       up_user_id
from suser
order by 1 desc
2021-03-09 14:15:13,544 - Mylog - DEBUG - 
select user_id,
       pwd,
       user_name,
       mobile,
       email,
       birth,
       in_date,
       up_date,
       in_user_id,
       up_user_id
from suser
order by 1 desc
2021-03-09 14:18:06,422 - Mylog - DEBUG - 
select user_id,
       pwd,
       user_name,
       mobile,
       email,
       birth,
       in_date,
       up_date,
       in_user_id,
       up_user_id
from suser
order by 1 desc
2021-03-09 14:20:13,989 - Mylog - DEBUG - 
select user_id,
       pwd,
       user_name,
       mobile,
       email,
       birth,
       in_date,
       up_date,
       in_user_id,
       up_user_id
from suser
order by 1 desc
2021-03-09 14:33:55,980 - Mylog - DEBUG - 
select user_id,
       pwd,
       user_name,
       mobile,
       email,
       birth,
       in_date,
       up_date,
       in_user_id,
       up_user_id
from suser
where user_id=:1
  and pwd=:2
2021-03-09 14:33:58,542 - Mylog - DEBUG - 
select user_id,
       pwd,
       user_name,
       mobile,
       email,
       birth,
       in_date,
       up_date,
       in_user_id,
       up_user_id
from suser
order by 1 desc
2021-03-09 14:39:55,536 - Mylog - DEBUG - 
select user_id,
       pwd,
       user_name,
       mobile,
       email,
       birth,
       in_date,
       up_date,
       in_user_id,
       up_user_id
from suser
order by 1 desc
2021-03-09 14:59:33,151 - Mylog - DEBUG - 
select user_id,
       pwd,
       user_name,
       mobile,
       email,
       birth,
       in_date,
       up_date,
       in_user_id,
       up_user_id
from suser
where user_id=:1
2021-03-09 14:59:35,468 - Mylog - DEBUG - 
select user_id,
       pwd,
       user_name,
       mobile,
       email,
       birth,
       in_date,
       up_date,
       in_user_id,
       up_user_id
from suser
where user_id=:1
2021-03-09 14:59:39,899 - Mylog - DEBUG - 
select user_id,
       pwd,
       user_name,
       mobile,
       email,
       birth,
       in_date,
       up_date,
       in_user_id,
       up_user_id
from suser
where user_id=:1
2021-03-09 14:59:44,409 - Mylog - DEBUG - 
select user_id,
       pwd,
       user_name,
       mobile,
       email,
       birth,
       in_date,
       up_date,
       in_user_id,
       up_user_id
from suser
where user_id=:1
2021-03-09 14:59:47,897 - Mylog - DEBUG - 
select user_id,
       pwd,
       user_name,
       mobile,
       email,
       birth,
       in_date,
       up_date,
       in_user_id,
       up_user_id
from suser
where user_id=:1
2021-03-09 15:03:59,244 - Mylog - DEBUG - 
select user_id,
       pwd,
       user_name,
       mobile,
       email,
       birth,
       in_date,
       up_date,
       in_user_id,
       up_user_id
from suser
where user_id=:1
2021-03-09 15:09:15,684 - Mylog - DEBUG - 
select user_id,
       pwd,
       user_name,
       mobile,
       email,
       birth,
       in_date,
       up_date,
       in_user_id,
       up_user_id
from suser
where user_id=:1
2021-03-09 15:15:15,548 - Mylog - DEBUG - 
select user_id,
       pwd,
       user_name,
       mobile,
       email,
       birth,
       in_date,
       up_date,
       in_user_id,
       up_user_id
from suser
where user_id=:1
2021-03-09 15:21:25,448 - Mylog - DEBUG - 
select user_id,
       pwd,
       user_name,
       mobile,
       email,
       birth,
       in_date,
       up_date,
       in_user_id,
       up_user_id
from suser
where user_id=:1
2021-03-09 15:36:35,059 - Mylog - DEBUG - 
select user_id,
       pwd,
       user_name,
       mobile,
       email,
       birth,
       in_date,
       up_date,
       in_user_id,
       up_user_id
from suser
where user_id=:1
2021-03-09 15:39:01,721 - Mylog - DEBUG - 
select user_id,
       pwd,
       user_name,
       mobile,
       email,
       birth,
       in_date,
       up_date,
       in_user_id,
       up_user_id
from suser
where user_id=:1
2021-03-09 15:39:16,817 - Mylog - DEBUG - 
select user_id,
       pwd,
       user_name,
       mobile,
       email,
       birth,
       in_date,
       up_date,
       in_user_id,
       up_user_id
from suser
where user_id=:1
2021-03-09 15:47:27,404 - Mylog - DEBUG - 
select user_id,
       pwd,
       user_name,
       mobile,
       email,
       birth,
       in_date,
       up_date,
       in_user_id,
       up_user_id
from suser
where user_id=:1
2021-03-09 15:47:58,322 - Mylog - DEBUG - 
select user_id,
       pwd,
       user_name,
       mobile,
       email,
       birth,
       in_date,
       up_date,
       in_user_id,
       up_user_id
from suser
where user_id=:1
2021-03-09 16:12:59,297 - Mylog - DEBUG - 
select user_id,
       pwd,
       user_name,
       mobile,
       email,
       birth,
       in_date,
       up_date,
       in_user_id,
       up_user_id
from suser
where user_id=:1
2021-03-09 16:33:08,224 - Mylog - DEBUG - 
select user_id,
       pwd,
       user_name,
       mobile,
       email,
       birth,
       in_date,
       up_date,
       in_user_id,
       up_user_id
from suser
where user_id=:1
2021-03-09 16:47:57,486 - Mylog - DEBUG - 
select user_id,
       pwd,
       user_name,
       mobile,
       email,
       birth,
       in_date,
       up_date,
       in_user_id,
       up_user_id
from suser
where user_id=:1
2021-03-09 16:49:07,576 - Mylog - DEBUG - 
select user_id,
       pwd,
       user_name,
       mobile,
       email,
       birth,
       in_date,
       up_date,
       in_user_id,
       up_user_id
from suser
where user_id=:1
2021-03-09 16:51:45,338 - Mylog - DEBUG - 
select user_id,
       pwd,
       user_name,
       mobile,
       email,
       birth,
       in_date,
       up_date,
       in_user_id,
       up_user_id
from suser
where user_id=:1
2021-03-09 16:52:07,569 - Mylog - DEBUG - 
insert into suser (user_id, pwd, user_name, mobile, email, birth, in_date, up_date, in_user_id, up_user_id)
values (:1, :2, :3, :4, :5, :6, to_char(sysdate, 'YYYYMMDD.HH24MISS'), :7, to_char(sysdate, 'YYYYMMDD.HH24MISS'), :8)
2021-03-09 16:52:40,957 - Mylog - DEBUG - 
select user_id,
       pwd,
       user_name,
       mobile,
       email,
       birth,
       in_date,
       up_date,
       in_user_id,
       up_user_id
from suser
where user_id=:1
2021-03-09 16:52:43,412 - Mylog - DEBUG - 
select user_id,
       pwd,
       user_name,
       mobile,
       email,
       birth,
       in_date,
       up_date,
       in_user_id,
       up_user_id
from suser
where user_id=:1
2021-03-09 16:53:00,910 - Mylog - DEBUG - 
select user_id,
       pwd,
       user_name,
       mobile,
       email,
       birth,
       in_date,
       up_date,
       in_user_id,
       up_user_id
from suser
where user_id=:1
2021-03-09 16:53:07,351 - Mylog - DEBUG - 
select user_id,
       pwd,
       user_name,
       mobile,
       email,
       birth,
       in_date,
       up_date,
       in_user_id,
       up_user_id
from suser
where user_id=:1
2021-03-09 16:53:21,327 - Mylog - DEBUG - 
insert into suser (user_id, pwd, user_name, mobile, email, birth, in_date, up_date, in_user_id, up_user_id)
values (:1, :2, :3, :4, :5, :6, to_char(sysdate, 'YYYYMMDD.HH24MISS'), :7, to_char(sysdate, 'YYYYMMDD.HH24MISS'), :8)
